*** Using Compiler 'V5.06 update 7 (build 960)', folder: 'D:\keil\ARM\ARMCC\Bin'
Build target 'Robot_CPPTest'
compiling Control_Chassis.cpp...
..\User_Core\Module\Control\Control_Chassis.cpp(128): error:  #20: identifier "Target_Vx" is undefined
          Process(Target_Vx, Target_Vy, Target_Vw);
..\User_Core\Module\Control\Control_Chassis.cpp(128): error:  #20: identifier "Target_Vy" is undefined
          Process(Target_Vx, Target_Vy, Target_Vw);
..\User_Core\Module\Control\Control_Chassis.cpp(128): error:  #20: identifier "Target_Vw" is undefined
          Process(Target_Vx, Target_Vy, Target_Vw);
..\User_Core\Module\Control\Control_Chassis.cpp(1443): error:  #20: identifier "Target_Vy" is undefined
      if (Mode == CHAS_FollowMode && Infantry.Write_Msg[Uphill_Mode]==true && abs(Target_Vy)>1000 && imu.rol < 170.0f) //--- 如果处于上坡模式且有Vy速度
..\User_Core\Module\Control\Control_Chassis.cpp: 0 warnings, 4 errors
"Robot_CPPTest\Robot_CPPTest.axf" - 4 Error(s), 0 Warning(s).
Target not created.
Build Time Elapsed:  00:00:04
